# JRE version: Java(TM) SE Runtime Environment (8.0_92-b14) (build 1.8.0_92-b14)
# Java VM: Java HotSpot(TM) 64-Bit Server VM (25.92-b14 mixed mode windows-amd64 compressed oops)
Heap:
 PSYoungGen      total 467456K, used 215734K [0x00000000e1580000, 0x0000000100000000, 0x0000000100000000)
  eden space 432640K, 46% used [0x00000000e1580000,0x00000000edb9a908,0x00000000fbc00000)
  from space 34816K, 36% used [0x00000000fde00000,0x00000000fea931f8,0x0000000100000000)
  to   space 34816K, 0% used [0x00000000fbc00000,0x00000000fbc00000,0x00000000fde00000)
 ParOldGen       total 78336K, used 47685K [0x00000000a4000000, 0x00000000a8c80000, 0x00000000e1580000)
  object space 78336K, 60% used [0x00000000a4000000,0x00000000a6e91408,0x00000000a8c80000)
 Metaspace       used 26281K, capacity 27372K, committed 27648K, reserved 1073152K
  class space    used 3301K, capacity 3548K, committed 3584K, reserved 1048576K
GC Heap History (10 events):
Event: 110.785 GC heap before
{Heap before GC invocations=17 (full 2):
 PSYoungGen      total 385536K, used 372545K [0x00000000e1580000, 0x00000000fa980000, 0x0000000100000000)
  eden space 363520K, 99% used [0x00000000e1580000,0x00000000f77ba190,0x00000000f7880000)
  from space 22016K, 44% used [0x00000000f9400000,0x00000000f9d965b0,0x00000000fa980000)
  to   space 25088K, 0% used [0x00000000f7880000,0x00000000f7880000,0x00000000f9100000)
 ParOldGen       total 83456K, used 48715K [0x00000000a4000000, 0x00000000a9180000, 0x00000000e1580000)
  object space 83456K, 58% used [0x00000000a4000000,0x00000000a6f92d90,0x00000000a9180000)
 Metaspace       used 25587K, capacity 26668K, committed 26880K, reserved 1073152K
  class space    used 3290K, capacity 3544K, committed 3584K, reserved 1048576K
Event: 110.837 GC heap after
Heap after GC invocations=17 (full 2):
 PSYoungGen      total 388608K, used 25080K [0x00000000e1580000, 0x0000000100000000, 0x0000000100000000)
  eden space 363520K, 0% used [0x00000000e1580000,0x00000000e1580000,0x00000000f7880000)
  from space 25088K, 99% used [0x00000000f7880000,0x00000000f90fe3c0,0x00000000f9100000)
  to   space 33792K, 0% used [0x00000000fdf00000,0x00000000fdf00000,0x0000000100000000)
 ParOldGen       total 83456K, used 59517K [0x00000000a4000000, 0x00000000a9180000, 0x00000000e1580000)
  object space 83456K, 71% used [0x00000000a4000000,0x00000000a7a1f598,0x00000000a9180000)
 Metaspace       used 25587K, capacity 26668K, committed 26880K, reserved 1073152K
  class space    used 3290K, capacity 3544K, committed 3584K, reserved 1048576K
}
Event: 201.370 GC heap before
{Heap before GC invocations=18 (full 2):
 PSYoungGen      total 388608K, used 388441K [0x00000000e1580000, 0x0000000100000000, 0x0000000100000000)
  eden space 363520K, 99% used [0x00000000e1580000,0x00000000f7858078,0x00000000f7880000)
  from space 25088K, 99% used [0x00000000f7880000,0x00000000f90fe3c0,0x00000000f9100000)
  to   space 33792K, 0% used [0x00000000fdf00000,0x00000000fdf00000,0x0000000100000000)
 ParOldGen       total 83456K, used 59517K [0x00000000a4000000, 0x00000000a9180000, 0x00000000e1580000)
  object space 83456K, 71% used [0x00000000a4000000,0x00000000a7a1f598,0x00000000a9180000)
 Metaspace       used 25843K, capacity 26946K, committed 27136K, reserved 1073152K
  class space    used 3291K, capacity 3545K, committed 3584K, reserved 1048576K
Event: 201.398 GC heap after
Heap after GC invocations=18 (full 2):
 PSYoungGen      total 470528K, used 8365K [0x00000000e1580000, 0x0000000100000000, 0x0000000100000000)
  eden space 436736K, 0% used [0x00000000e1580000,0x00000000e1580000,0x00000000fc000000)
  from space 33792K, 24% used [0x00000000fdf00000,0x00000000fe72b6e0,0x0000000100000000)
  to   space 31744K, 0% used [0x00000000fc000000,0x00000000fc000000,0x00000000fdf00000)
 ParOldGen       total 83456K, used 69324K [0x00000000a4000000, 0x00000000a9180000, 0x00000000e1580000)
  object space 83456K, 83% used [0x00000000a4000000,0x00000000a83b33d8,0x00000000a9180000)
 Metaspace       used 25843K, capacity 26946K, committed 27136K, reserved 1073152K
  class space    used 3291K, capacity 3545K, committed 3584K, reserved 1048576K
}
Event: 201.398 GC heap before
{Heap before GC invocations=19 (full 3):
 PSYoungGen      total 470528K, used 8365K [0x00000000e1580000, 0x0000000100000000, 0x0000000100000000)
  eden space 436736K, 0% used [0x00000000e1580000,0x00000000e1580000,0x00000000fc000000)
  from space 33792K, 24% used [0x00000000fdf00000,0x00000000fe72b6e0,0x0000000100000000)
  to   space 31744K, 0% used [0x00000000fc000000,0x00000000fc000000,0x00000000fdf00000)
 ParOldGen       total 83456K, used 69324K [0x00000000a4000000, 0x00000000a9180000, 0x00000000e1580000)
  object space 83456K, 83% used [0x00000000a4000000,0x00000000a83b33d8,0x00000000a9180000)
 Metaspace       used 25843K, capacity 26946K, committed 27136K, reserved 1073152K
  class space    used 3291K, capacity 3545K, committed 3584K, reserved 1048576K
Event: 201.475 GC heap after
Heap after GC invocations=19 (full 3):
 PSYoungGen      total 470528K, used 0K [0x00000000e1580000, 0x0000000100000000, 0x0000000100000000)
  eden space 436736K, 0% used [0x00000000e1580000,0x00000000e1580000,0x00000000fc000000)
  from space 33792K, 0% used [0x00000000fdf00000,0x00000000fdf00000,0x0000000100000000)
  to   space 31744K, 0% used [0x00000000fc000000,0x00000000fc000000,0x00000000fdf00000)
 ParOldGen       total 78336K, used 35219K [0x00000000a4000000, 0x00000000a8c80000, 0x00000000e1580000)
  object space 78336K, 44% used [0x00000000a4000000,0x00000000a6264cd8,0x00000000a8c80000)
 Metaspace       used 25843K, capacity 26946K, committed 27136K, reserved 1073152K
  class space    used 3291K, capacity 3545K, committed 3584K, reserved 1048576K
}
Event: 209.853 GC heap before
{Heap before GC invocations=20 (full 3):
 PSYoungGen      total 470528K, used 436047K [0x00000000e1580000, 0x0000000100000000, 0x0000000100000000)
  eden space 436736K, 99% used [0x00000000e1580000,0x00000000fbf53f88,0x00000000fc000000)
  from space 33792K, 0% used [0x00000000fdf00000,0x00000000fdf00000,0x0000000100000000)
  to   space 31744K, 0% used [0x00000000fc000000,0x00000000fc000000,0x00000000fdf00000)
 ParOldGen       total 78336K, used 43211K [0x00000000a4000000, 0x00000000a8c80000, 0x00000000e1580000)
  object space 78336K, 55% used [0x00000000a4000000,0x00000000a6a32da8,0x00000000a8c80000)
 Metaspace       used 25938K, capacity 27024K, committed 27136K, reserved 1073152K
  class space    used 3294K, capacity 3546K, committed 3584K, reserved 1048576K
Event: 209.898 GC heap after
Heap after GC invocations=20 (full 3):
 PSYoungGen      total 467456K, used 30587K [0x00000000e1580000, 0x0000000100000000, 0x0000000100000000)
  eden space 436736K, 0% used [0x00000000e1580000,0x00000000e1580000,0x00000000fc000000)
  from space 30720K, 99% used [0x00000000fc000000,0x00000000fdddee40,0x00000000fde00000)
  to   space 34816K, 0% used [0x00000000fde00000,0x00000000fde00000,0x0000000100000000)
 ParOldGen       total 78336K, used 43219K [0x00000000a4000000, 0x00000000a8c80000, 0x00000000e1580000)
  object space 78336K, 55% used [0x00000000a4000000,0x00000000a6a34da8,0x00000000a8c80000)
 Metaspace       used 25938K, capacity 27024K, committed 27136K, reserved 1073152K
  class space    used 3294K, capacity 3546K, committed 3584K, reserved 1048576K
}
Event: 253.827 GC heap before
{Heap before GC invocations=21 (full 3):
 PSYoungGen      total 467456K, used 467323K [0x00000000e1580000, 0x0000000100000000, 0x0000000100000000)
  eden space 436736K, 100% used [0x00000000e1580000,0x00000000fc000000,0x00000000fc000000)
  from space 30720K, 99% used [0x00000000fc000000,0x00000000fdddee40,0x00000000fde00000)
  to   space 34816K, 0% used [0x00000000fde00000,0x00000000fde00000,0x0000000100000000)
 ParOldGen       total 78336K, used 45855K [0x00000000a4000000, 0x00000000a8c80000, 0x00000000e1580000)
  object space 78336K, 58% used [0x00000000a4000000,0x00000000a6cc7c48,0x00000000a8c80000)
 Metaspace       used 26233K, capacity 27372K, committed 27648K, reserved 1073152K
  class space    used 3301K, capacity 3548K, committed 3584K, reserved 1048576K
Event: 253.840 GC heap after
Heap after GC invocations=21 (full 3):
 PSYoungGen      total 467456K, used 12876K [0x00000000e1580000, 0x0000000100000000, 0x0000000100000000)
  eden space 432640K, 0% used [0x00000000e1580000,0x00000000e1580000,0x00000000fbc00000)
  from space 34816K, 36% used [0x00000000fde00000,0x00000000fea931f8,0x0000000100000000)
  to   space 34816K, 0% used [0x00000000fbc00000,0x00000000fbc00000,0x00000000fde00000)
 ParOldGen       total 78336K, used 47685K [0x00000000a4000000, 0x00000000a8c80000, 0x00000000e1580000)
  object space 78336K, 60% used [0x00000000a4000000,0x00000000a6e91408,0x00000000a8c80000)
 Metaspace       used 26233K, capacity 27372K, committed 27648K, reserved 1073152K
  class space    used 3301K, capacity 3548K, committed 3584K, reserved 1048576K
}

